
=== Wed Mar  1 14:11:42 2023

Packages were changed.
Update Mode: updateDependencies

The following packages were added:
  com.unity.ai.navigation@1.1.1
The following packages were updated:
  com.unity.ads from version 3.7.5 to 4.4.1
  com.unity.analytics from version 3.6.12 to 3.8.1
  com.unity.collab-proxy from version 1.15.7 to 2.0.0
  com.unity.ide.rider from version 2.0.7 to 3.0.18
  com.unity.ide.visualstudio from version 2.0.12 to 2.0.17
  com.unity.ide.vscode from version 1.2.4 to 1.2.5
  com.unity.purchasing from version 4.1.2 to 4.5.2
  com.unity.terrain-tools from version 3.0.2-preview.3 to 5.0.1
  com.unity.test-framework from version 1.1.29 to 1.1.33
  com.unity.timeline from version 1.4.8 to 1.7.2
  com.unity.xr.legacyinputhelpers from version 2.1.8 to 2.1.10
The following packages were removed:
  com.unity.multiplayer-hlapi@1.0.6

=== Mon Mar 27 16:49:13 2023

Packages were changed.
Update Mode: updateDependencies

The following packages were updated:
  com.unity.cinemachine from version 2.8.9 to 2.9.5
  com.unity.inputsystem from version 1.4.4 to 1.5.0
  com.unity.render-pipelines.universal from version 12.1.6 to 14.0.6

=== Mon Mar 27 16:49:13 2023

Packages were changed.
Update Mode: mergeDefaultDependencies

The following packages were added:
  com.unity.inputsystem@1.5.0
  com.unity.render-pipelines.universal@14.0.6

=== Mon Mar 27 17:31:13 2023

Packages were changed.
Update Mode: updateDependencies

The following packages were updated:
  com.unity.cinemachine from version 2.8.9 to 2.9.5
  com.unity.inputsystem from version 1.4.4 to 1.5.0
  com.unity.render-pipelines.universal from version 12.1.6 to 14.0.6
